<?xml version="1.0" encoding="UTF-8"?>
<!-- Generated by org.testng.reporters.JUnitReportReporter -->
<testsuite hostname="LAPTOP-5RVKDHMM" failures="0" tests="11" name="TestPage.TestShop" time="65.474" errors="0" timestamp="2023-11-16T13:21:22 EST" skipped="0">
  <testcase classname="TestPage.TestShop" name="electronicsTab" time="15.880"/>
  <testcase classname="TestPage.TestShop" name="HTCimage" time="3.515"/>
  <testcase classname="TestPage.TestShop" name="clickAC" time="11.960"/>
  <testcase classname="TestPage.TestShop" name="termschkbtn" time="6.983"/>
  <testcase classname="TestPage.TestShop" name="guestbtn" time="1.067"/>
  <testcase classname="TestPage.TestShop" name="continuebtn1" time="4.227"/>
  <testcase classname="TestPage.TestShop" name="shippingnext" time="0.229"/>
  <testcase classname="TestPage.TestShop" name="continuebtn3" time="8.666"/>
  <testcase classname="TestPage.TestShop" name="continuebtn4" time="5.278"/>
  <testcase classname="TestPage.TestShop" name="confirm" time="2.251"/>
  <testcase classname="TestPage.TestShop" name="continuethank" time="5.418"/>
</testsuite> <!-- TestPage.TestShop -->
