<?xml version="1.0" encoding="UTF-8"?>
<!-- Generated by org.testng.reporters.JUnitReportReporter -->
<testsuite hostname="LAPTOP-5RVKDHMM" failures="0" tests="2" name="TestPage.dataProviderMySqlTest" time="25.862" errors="0" timestamp="2023-11-16T13:09:15 EST" skipped="0">
  <testcase classname="TestPage.dataProviderMySqlTest" name="SetUpTest" time="11.178"/>
  <testcase classname="TestPage.dataProviderMySqlTest" name="SetUpTest" time="14.684"/>
</testsuite> <!-- TestPage.dataProviderMySqlTest -->
