<?xml version="1.0" encoding="UTF-8"?>
<!-- Generated by org.testng.reporters.JUnitReportReporter -->
<testsuite hostname="LAPTOP-5RVKDHMM" failures="0" tests="2" name="TestPage.dataProviderExcelTest" time="33.679" errors="0" timestamp="2023-11-16T13:06:15 EST" skipped="0">
  <testcase classname="TestPage.dataProviderExcelTest" name="SetupBrowser" time="19.146"/>
  <testcase classname="TestPage.dataProviderExcelTest" name="SetupBrowser" time="14.533"/>
</testsuite> <!-- TestPage.dataProviderExcelTest -->
